0 info it worked if it ends with ok
1 verbose cli [ '/Users/latentflip/.nvm/v0.10.33/bin/node',
1 verbose cli   '/Users/latentflip/.nvm/v0.10.33/bin/npm',
1 verbose cli   'run',
1 verbose cli   'build' ]
2 info using npm@1.4.28
3 info using node@v0.10.33
4 verbose run-script [ 'prebuild', 'build', 'postbuild' ]
5 info prebuild trace@0.0.0
6 info build trace@0.0.0
7 verbose unsafe-perm in lifecycle true
8 info trace@0.0.0 Failed to exec build script
9 error trace@0.0.0 build: `make build`
9 error Exit status 2
10 error Failed at the trace@0.0.0 build script.
10 error This is most likely a problem with the trace package,
10 error not with npm itself.
10 error Tell the author that this fails on your system:
10 error     make build
10 error You can get their info via:
10 error     npm owner ls trace
10 error There is likely additional logging output above.
11 error System Darwin 14.0.0
12 error command "/Users/latentflip/.nvm/v0.10.33/bin/node" "/Users/latentflip/.nvm/v0.10.33/bin/npm" "run" "build"
13 error cwd /Users/latentflip/Code/github/latentflip/loupe
14 error node -v v0.10.33
15 error npm -v 1.4.28
16 error code ELIFECYCLE
17 verbose exit [ 1, true ]
